This is pdfTeX, Version 3.141592653-2.6-1.40.26 (MiKTeX 24.4) (preloaded format=pdflatex 2024.10.4)  15 DEC 2024 13:23
entering extended mode
 restricted \write18 enabled.
 %&-line parsing enabled.
**./title-page.tex
(title-page.tex
LaTeX2e <2024-06-01> patch level 2
L3 programming layer <2024-08-30>

LaTeX Font Warning: Font shape `OT1/cmr/m/n' in size <22> not available
(Font)              size <20.74> substituted on input line 3.


! LaTeX Error: Missing \begin{document}.

See the LaTeX manual or LaTeX Companion for explanation.
Type  H <return>  for immediate help.
 ...                                              
                                                  
l.3 ...EL MONITORING SYSTEM USING MICROCONTROLLER}
                                                  \\
? 
! Emergency stop.
 ...                                              
                                                  
l.3 ...EL MONITORING SYSTEM USING MICROCONTROLLER}
                                                  \\
You're in trouble here.  Try typing  <return>  to proceed.
If that doesn't work, type  X <return>  to quit.

 
Here is how much of TeX's memory you used:
 21 strings out of 473899
 607 string characters out of 5726500
 386318 words of memory out of 5000000
 22992 multiletter control sequences out of 15000+600000
 558368 words of font info for 37 fonts, out of 8000000 for 9000
 1141 hyphenation exceptions out of 8191
 18i,0n,19p,153b,78s stack positions out of 10000i,1000n,20000p,200000b,200000s
!  ==> Fatal error occurred, no output PDF file produced!
